<?xml version="1.0" encoding="UTF-8"?>
<testsuite xmlns:xsi="http://www.w3.org/2001/XMLSchema-instance" xsi:noNamespaceSchemaLocation="https://maven.apache.org/surefire/maven-surefire-plugin/xsd/surefire-test-report-3.0.xsd" version="3.0" name="US_001 Login Functionality" time="275.892" tests="19" errors="0" skipped="0" failures="0">
  <properties>
[...]
</properties>
  <testcase name="US001_T01_Login_with_valid_credentials_as_Librarian #1" classname="US_001 Login Functionality" time="16.467">
    <system-out><![CDATA[
@wip @Login @smoke @regression @us001_T01
Scenario Outline: US001_T01_Login_with_valid_credentials_as_Librarian &amp#27;[90m# src/test/resources/features/US001_login_functionality.feature:18&amp#27;[0m
--> It is coming from @Before in Hooks class
  &amp#27;[32mGiven &amp#27;[0m&amp#27;[32muser is on the Login_Library page&amp#27;[0m                             &amp#27;[90m# com.library2.step_definitions.US001_LoginFunctionality_StDf.user_is_on_the_login_library_page()&amp#27;[0m
  &amp#27;[32mWhen &amp#27;[0m&amp#27;[32muser input &amp#27;[0m&amp#27;[32m&amp#27;[1m"librarian1@library"&amp#27;[0m&amp#27;[32m with &amp#27;[0m&amp#27;[32m&amp#27;[1m"qU9mrvur"&amp#27;[0m                &amp#27;[90m# com.library2.step_definitions.US001_LoginFunctionality_StDf.user_Input_With(java.lang.String,java.lang.String)&amp#27;[0m
  &amp#27;[32mThen &amp#27;[0m&amp#27;[32muser should navigate to Dashboard page as Librarian&amp#27;[0m            &amp#27;[90m# com.library2.step_definitions.US001_LoginFunctionality_StDf.user_Should_Navigate_To_DashboardPage_AsLibrarian()&amp#27;[0m
==> It is coming from @After in Hooks class
]]></system-out>
    <system-err><![CDATA[SLF4J: Failed to load class "org.slf4j.impl.StaticLoggerBinder".
SLF4J: Defaulting to no-operation (NOP) logger implementation
SLF4J: See http://www.slf4j.org/codes.html#StaticLoggerBinder for further details.
Starting ChromeDriver 103.0.5060.134 (8ec6fce403b3feb0869b0732eda8bd95011d333c-refs/branch-heads/5060@{#1262}) on port 22329
Only local connections are allowed.
Please see https://chromedriver.chromium.org/security-considerations for suggestions on keeping ChromeDriver safe.
ChromeDriver was started successfully.
Jul 31, 2022 11:56:42 PM org.openqa.selenium.remote.ProtocolHandshake createSession
INFO: Detected dialect: W3C
]]></system-err>
  </testcase>
  <testcase name="US001_T01_Login_with_valid_credentials_as_Librarian #2" classname="US_001 Login Functionality" time="19.438">
    <system-out><![CDATA[
@wip @Login @smoke @regression @us001_T01
Scenario Outline: US001_T01_Login_with_valid_credentials_as_Librarian &amp#27;[90m# src/test/resources/features/US001_login_functionality.feature:19&amp#27;[0m
--> It is coming from @Before in Hooks class
  &amp#27;[32mGiven &amp#27;[0m&amp#27;[32muser is on the Login_Library page&amp#27;[0m                             &amp#27;[90m# com.library2.step_definitions.US001_LoginFunctionality_StDf.user_is_on_the_login_library_page()&amp#27;[0m
  &amp#27;[32mWhen &amp#27;[0m&amp#27;[32muser input &amp#27;[0m&amp#27;[32m&amp#27;[1m"librarian2@library"&amp#27;[0m&amp#27;[32m with &amp#27;[0m&amp#27;[32m&amp#27;[1m"uYrhHmmj"&amp#27;[0m                &amp#27;[90m# com.library2.step_definitions.US001_LoginFunctionality_StDf.user_Input_With(java.lang.String,java.lang.String)&amp#27;[0m
  &amp#27;[32mThen &amp#27;[0m&amp#27;[32muser should navigate to Dashboard page as Librarian&amp#27;[0m            &amp#27;[90m# com.library2.step_definitions.US001_LoginFunctionality_StDf.user_Should_Navigate_To_DashboardPage_AsLibrarian()&amp#27;[0m
==> It is coming from @After in Hooks class
]]></system-out>
    <system-err><![CDATA[Starting ChromeDriver 103.0.5060.134 (8ec6fce403b3feb0869b0732eda8bd95011d333c-refs/branch-heads/5060@{#1262}) on port 38668
Only local connections are allowed.
Please see https://chromedriver.chromium.org/security-considerations for suggestions on keeping ChromeDriver safe.
ChromeDriver was started successfully.
Jul 31, 2022 11:57:02 PM org.openqa.selenium.remote.ProtocolHandshake createSession
INFO: Detected dialect: W3C
]]></system-err>
  </testcase>
  <testcase name="US001_T01_Login_with_valid_credentials_as_Librarian #3" classname="US_001 Login Functionality" time="13.977">
    <system-out><![CDATA[
@wip @Login @smoke @regression @us001_T01
Scenario Outline: US001_T01_Login_with_valid_credentials_as_Librarian &amp#27;[90m# src/test/resources/features/US001_login_functionality.feature:20&amp#27;[0m
--> It is coming from @Before in Hooks class
  &amp#27;[32mGiven &amp#27;[0m&amp#27;[32muser is on the Login_Library page&amp#27;[0m                             &amp#27;[90m# com.library2.step_definitions.US001_LoginFunctionality_StDf.user_is_on_the_login_library_page()&amp#27;[0m
  &amp#27;[32mWhen &amp#27;[0m&amp#27;[32muser input &amp#27;[0m&amp#27;[32m&amp#27;[1m"librarian3@library"&amp#27;[0m&amp#27;[32m with &amp#27;[0m&amp#27;[32m&amp#27;[1m"DFvU4b1i"&amp#27;[0m                &amp#27;[90m# com.library2.step_definitions.US001_LoginFunctionality_StDf.user_Input_With(java.lang.String,java.lang.String)&amp#27;[0m
  &amp#27;[32mThen &amp#27;[0m&amp#27;[32muser should navigate to Dashboard page as Librarian&amp#27;[0m            &amp#27;[90m# com.library2.step_definitions.US001_LoginFunctionality_StDf.user_Should_Navigate_To_DashboardPage_AsLibrarian()&amp#27;[0m
==> It is coming from @After in Hooks class
]]></system-out>
    <system-err><![CDATA[Starting ChromeDriver 103.0.5060.134 (8ec6fce403b3feb0869b0732eda8bd95011d333c-refs/branch-heads/5060@{#1262}) on port 2770
Only local connections are allowed.
Please see https://chromedriver.chromium.org/security-considerations for suggestions on keeping ChromeDriver safe.
ChromeDriver was started successfully.
Jul 31, 2022 11:57:18 PM org.openqa.selenium.remote.ProtocolHandshake createSession
INFO: Detected dialect: W3C
]]></system-err>
  </testcase>
  <testcase name="US001_T01_Login_with_valid_credentials_as_Librarian #4" classname="US_001 Login Functionality" time="18.696">
    <system-out><![CDATA[
@wip @Login @smoke @regression @us001_T01
Scenario Outline: US001_T01_Login_with_valid_credentials_as_Librarian &amp#27;[90m# src/test/resources/features/US001_login_functionality.feature:21&amp#27;[0m
--> It is coming from @Before in Hooks class
  &amp#27;[32mGiven &amp#27;[0m&amp#27;[32muser is on the Login_Library page&amp#27;[0m                             &amp#27;[90m# com.library2.step_definitions.US001_LoginFunctionality_StDf.user_is_on_the_login_library_page()&amp#27;[0m
  &amp#27;[32mWhen &amp#27;[0m&amp#27;[32muser input &amp#27;[0m&amp#27;[32m&amp#27;[1m"librarian4@library"&amp#27;[0m&amp#27;[32m with &amp#27;[0m&amp#27;[32m&amp#27;[1m"3lwxJ1Kk"&amp#27;[0m                &amp#27;[90m# com.library2.step_definitions.US001_LoginFunctionality_StDf.user_Input_With(java.lang.String,java.lang.String)&amp#27;[0m
  &amp#27;[32mThen &amp#27;[0m&amp#27;[32muser should navigate to Dashboard page as Librarian&amp#27;[0m            &amp#27;[90m# com.library2.step_definitions.US001_LoginFunctionality_StDf.user_Should_Navigate_To_DashboardPage_AsLibrarian()&amp#27;[0m
==> It is coming from @After in Hooks class
]]></system-out>
    <system-err><![CDATA[Starting ChromeDriver 103.0.5060.134 (8ec6fce403b3feb0869b0732eda8bd95011d333c-refs/branch-heads/5060@{#1262}) on port 32332
Only local connections are allowed.
Please see https://chromedriver.chromium.org/security-considerations for suggestions on keeping ChromeDriver safe.
ChromeDriver was started successfully.
Jul 31, 2022 11:57:33 PM org.openqa.selenium.remote.ProtocolHandshake createSession
INFO: Detected dialect: W3C
]]></system-err>
  </testcase>
  <testcase name="US001_T01_Login_with_valid_credentials_as_Librarian #5" classname="US_001 Login Functionality" time="12.658">
    <system-out><![CDATA[
@wip @Login @smoke @regression @us001_T01
Scenario Outline: US001_T01_Login_with_valid_credentials_as_Librarian &amp#27;[90m# src/test/resources/features/US001_login_functionality.feature:22&amp#27;[0m
--> It is coming from @Before in Hooks class
  &amp#27;[32mGiven &amp#27;[0m&amp#27;[32muser is on the Login_Library page&amp#27;[0m                             &amp#27;[90m# com.library2.step_definitions.US001_LoginFunctionality_StDf.user_is_on_the_login_library_page()&amp#27;[0m
  &amp#27;[32mWhen &amp#27;[0m&amp#27;[32muser input &amp#27;[0m&amp#27;[32m&amp#27;[1m"librarian5@library"&amp#27;[0m&amp#27;[32m with &amp#27;[0m&amp#27;[32m&amp#27;[1m"hj65YBiE"&amp#27;[0m                &amp#27;[90m# com.library2.step_definitions.US001_LoginFunctionality_StDf.user_Input_With(java.lang.String,java.lang.String)&amp#27;[0m
  &amp#27;[32mThen &amp#27;[0m&amp#27;[32muser should navigate to Dashboard page as Librarian&amp#27;[0m            &amp#27;[90m# com.library2.step_definitions.US001_LoginFunctionality_StDf.user_Should_Navigate_To_DashboardPage_AsLibrarian()&amp#27;[0m
==> It is coming from @After in Hooks class
]]></system-out>
    <system-err><![CDATA[Starting ChromeDriver 103.0.5060.134 (8ec6fce403b3feb0869b0732eda8bd95011d333c-refs/branch-heads/5060@{#1262}) on port 20387
Only local connections are allowed.
Please see https://chromedriver.chromium.org/security-considerations for suggestions on keeping ChromeDriver safe.
ChromeDriver was started successfully.
Jul 31, 2022 11:57:52 PM org.openqa.selenium.remote.ProtocolHandshake createSession
INFO: Detected dialect: W3C
]]></system-err>
  </testcase>
  <testcase name="US001_T02_Login_with_valid_credentials_as_Student #1" classname="US_001 Login Functionality" time="18.863">
    <system-out><![CDATA[
@wip @Login @smoke @regression @us001_t02
Scenario Outline: US001_T02_Login_with_valid_credentials_as_Student &amp#27;[90m# src/test/resources/features/US001_login_functionality.feature:32&amp#27;[0m
--> It is coming from @Before in Hooks class
  &amp#27;[32mGiven &amp#27;[0m&amp#27;[32muser is on the Login_Library page&amp#27;[0m                           &amp#27;[90m# com.library2.step_definitions.US001_LoginFunctionality_StDf.user_is_on_the_login_library_page()&amp#27;[0m
  &amp#27;[32mWhen &amp#27;[0m&amp#27;[32muser input &amp#27;[0m&amp#27;[32m&amp#27;[1m"student1@library"&amp#27;[0m&amp#27;[32m with &amp#27;[0m&amp#27;[32m&amp#27;[1m"d5fv9BtX"&amp#27;[0m                &amp#27;[90m# com.library2.step_definitions.US001_LoginFunctionality_StDf.user_Input_With(java.lang.String,java.lang.String)&amp#27;[0m
actNavigationBarCredentials = Test Student 1
  &amp#27;[32mThen &amp#27;[0m&amp#27;[32muser should navigate to Books page as Student&amp#27;[0m                &amp#27;[90m# com.library2.step_definitions.US001_LoginFunctionality_StDf.user_Should_Navigate_To_BooksPage_AsStudent()&amp#27;[0m
==> It is coming from @After in Hooks class
]]></system-out>
    <system-err><![CDATA[Starting ChromeDriver 103.0.5060.134 (8ec6fce403b3feb0869b0732eda8bd95011d333c-refs/branch-heads/5060@{#1262}) on port 3529
Only local connections are allowed.
Please see https://chromedriver.chromium.org/security-considerations for suggestions on keeping ChromeDriver safe.
ChromeDriver was started successfully.
Jul 31, 2022 11:58:03 PM org.openqa.selenium.remote.ProtocolHandshake createSession
INFO: Detected dialect: W3C
]]></system-err>
  </testcase>
  <testcase name="US001_T02_Login_with_valid_credentials_as_Student #2" classname="US_001 Login Functionality" time="12.825">
    <system-out><![CDATA[
@wip @Login @smoke @regression @us001_t02
Scenario Outline: US001_T02_Login_with_valid_credentials_as_Student &amp#27;[90m# src/test/resources/features/US001_login_functionality.feature:33&amp#27;[0m
--> It is coming from @Before in Hooks class
  &amp#27;[32mGiven &amp#27;[0m&amp#27;[32muser is on the Login_Library page&amp#27;[0m                           &amp#27;[90m# com.library2.step_definitions.US001_LoginFunctionality_StDf.user_is_on_the_login_library_page()&amp#27;[0m
  &amp#27;[32mWhen &amp#27;[0m&amp#27;[32muser input &amp#27;[0m&amp#27;[32m&amp#27;[1m"student2@library"&amp#27;[0m&amp#27;[32m with &amp#27;[0m&amp#27;[32m&amp#27;[1m"zyxa10vg"&amp#27;[0m                &amp#27;[90m# com.library2.step_definitions.US001_LoginFunctionality_StDf.user_Input_With(java.lang.String,java.lang.String)&amp#27;[0m
actNavigationBarCredentials = Test Student 2
  &amp#27;[32mThen &amp#27;[0m&amp#27;[32muser should navigate to Books page as Student&amp#27;[0m                &amp#27;[90m# com.library2.step_definitions.US001_LoginFunctionality_StDf.user_Should_Navigate_To_BooksPage_AsStudent()&amp#27;[0m
==> It is coming from @After in Hooks class
]]></system-out>
    <system-err><![CDATA[Starting ChromeDriver 103.0.5060.134 (8ec6fce403b3feb0869b0732eda8bd95011d333c-refs/branch-heads/5060@{#1262}) on port 18744
Only local connections are allowed.
Please see https://chromedriver.chromium.org/security-considerations for suggestions on keeping ChromeDriver safe.
ChromeDriver was started successfully.
Jul 31, 2022 11:58:22 PM org.openqa.selenium.remote.ProtocolHandshake createSession
INFO: Detected dialect: W3C
]]></system-err>
  </testcase>
  <testcase name="US001_T02_Login_with_valid_credentials_as_Student #3" classname="US_001 Login Functionality" time="18.786">
    <system-out><![CDATA[
@wip @Login @smoke @regression @us001_t02
Scenario Outline: US001_T02_Login_with_valid_credentials_as_Student &amp#27;[90m# src/test/resources/features/US001_login_functionality.feature:34&amp#27;[0m
--> It is coming from @Before in Hooks class
  &amp#27;[32mGiven &amp#27;[0m&amp#27;[32muser is on the Login_Library page&amp#27;[0m                           &amp#27;[90m# com.library2.step_definitions.US001_LoginFunctionality_StDf.user_is_on_the_login_library_page()&amp#27;[0m
  &amp#27;[32mWhen &amp#27;[0m&amp#27;[32muser input &amp#27;[0m&amp#27;[32m&amp#27;[1m"student3@library"&amp#27;[0m&amp#27;[32m with &amp#27;[0m&amp#27;[32m&amp#27;[1m"rPjgZ86a"&amp#27;[0m                &amp#27;[90m# com.library2.step_definitions.US001_LoginFunctionality_StDf.user_Input_With(java.lang.String,java.lang.String)&amp#27;[0m
actNavigationBarCredentials = Test Student 3
  &amp#27;[32mThen &amp#27;[0m&amp#27;[32muser should navigate to Books page as Student&amp#27;[0m                &amp#27;[90m# com.library2.step_definitions.US001_LoginFunctionality_StDf.user_Should_Navigate_To_BooksPage_AsStudent()&amp#27;[0m
==> It is coming from @After in Hooks class
]]></system-out>
    <system-err><![CDATA[Starting ChromeDriver 103.0.5060.134 (8ec6fce403b3feb0869b0732eda8bd95011d333c-refs/branch-heads/5060@{#1262}) on port 32312
Only local connections are allowed.
Please see https://chromedriver.chromium.org/security-considerations for suggestions on keeping ChromeDriver safe.
ChromeDriver was started successfully.
Jul 31, 2022 11:58:35 PM org.openqa.selenium.remote.ProtocolHandshake createSession
INFO: Detected dialect: W3C
]]></system-err>
  </testcase>
  <testcase name="US001_T02_Login_with_valid_credentials_as_Student #4" classname="US_001 Login Functionality" time="9.51">
    <system-out><![CDATA[
@wip @Login @smoke @regression @us001_t02
Scenario Outline: US001_T02_Login_with_valid_credentials_as_Student &amp#27;[90m# src/test/resources/features/US001_login_functionality.feature:35&amp#27;[0m
--> It is coming from @Before in Hooks class
  &amp#27;[32mGiven &amp#27;[0m&amp#27;[32muser is on the Login_Library page&amp#27;[0m                           &amp#27;[90m# com.library2.step_definitions.US001_LoginFunctionality_StDf.user_is_on_the_login_library_page()&amp#27;[0m
  &amp#27;[32mWhen &amp#27;[0m&amp#27;[32muser input &amp#27;[0m&amp#27;[32m&amp#27;[1m"student4@library"&amp#27;[0m&amp#27;[32m with &amp#27;[0m&amp#27;[32m&amp#27;[1m"pG3V6qaL"&amp#27;[0m                &amp#27;[90m# com.library2.step_definitions.US001_LoginFunctionality_StDf.user_Input_With(java.lang.String,java.lang.String)&amp#27;[0m
actNavigationBarCredentials = Test Student 4
  &amp#27;[32mThen &amp#27;[0m&amp#27;[32muser should navigate to Books page as Student&amp#27;[0m                &amp#27;[90m# com.library2.step_definitions.US001_LoginFunctionality_StDf.user_Should_Navigate_To_BooksPage_AsStudent()&amp#27;[0m
==> It is coming from @After in Hooks class
]]></system-out>
    <system-err><![CDATA[Starting ChromeDriver 103.0.5060.134 (8ec6fce403b3feb0869b0732eda8bd95011d333c-refs/branch-heads/5060@{#1262}) on port 45892
Only local connections are allowed.
Please see https://chromedriver.chromium.org/security-considerations for suggestions on keeping ChromeDriver safe.
ChromeDriver was started successfully.
Jul 31, 2022 11:58:52 PM org.openqa.selenium.remote.ProtocolHandshake createSession
INFO: Detected dialect: W3C
]]></system-err>
  </testcase>
  <testcase name="US001_T02_Login_with_valid_credentials_as_Student #5" classname="US_001 Login Functionality" time="13.012">
    <system-out><![CDATA[
@wip @Login @smoke @regression @us001_t02
Scenario Outline: US001_T02_Login_with_valid_credentials_as_Student &amp#27;[90m# src/test/resources/features/US001_login_functionality.feature:36&amp#27;[0m
--> It is coming from @Before in Hooks class
  &amp#27;[32mGiven &amp#27;[0m&amp#27;[32muser is on the Login_Library page&amp#27;[0m                           &amp#27;[90m# com.library2.step_definitions.US001_LoginFunctionality_StDf.user_is_on_the_login_library_page()&amp#27;[0m
  &amp#27;[32mWhen &amp#27;[0m&amp#27;[32muser input &amp#27;[0m&amp#27;[32m&amp#27;[1m"student5@library"&amp#27;[0m&amp#27;[32m with &amp#27;[0m&amp#27;[32m&amp#27;[1m"i1oDgf2d"&amp#27;[0m                &amp#27;[90m# com.library2.step_definitions.US001_LoginFunctionality_StDf.user_Input_With(java.lang.String,java.lang.String)&amp#27;[0m
actNavigationBarCredentials = Test Student 5
  &amp#27;[32mThen &amp#27;[0m&amp#27;[32muser should navigate to Books page as Student&amp#27;[0m                &amp#27;[90m# com.library2.step_definitions.US001_LoginFunctionality_StDf.user_Should_Navigate_To_BooksPage_AsStudent()&amp#27;[0m
==> It is coming from @After in Hooks class
]]></system-out>
    <system-err><![CDATA[Starting ChromeDriver 103.0.5060.134 (8ec6fce403b3feb0869b0732eda8bd95011d333c-refs/branch-heads/5060@{#1262}) on port 41691
Only local connections are allowed.
Please see https://chromedriver.chromium.org/security-considerations for suggestions on keeping ChromeDriver safe.
ChromeDriver was started successfully.
Jul 31, 2022 11:59:05 PM org.openqa.selenium.remote.ProtocolHandshake createSession
INFO: Detected dialect: W3C
]]></system-err>
  </testcase>
  <testcase name="US001_T03_Login_with_parameters_as_Librarian" classname="US_001 Login Functionality" time="13.257">
    <system-out><![CDATA[
@wip @Login @smoke @regression @us001_t03
Scenario: US001_T03_Login_with_parameters_as_Librarian &amp#27;[90m# src/test/resources/features/US001_login_functionality.feature:41&amp#27;[0m
--> It is coming from @Before in Hooks class
  &amp#27;[32mGiven &amp#27;[0m&amp#27;[32muser is on the Login_Library page&amp#27;[0m              &amp#27;[90m# com.library2.step_definitions.US001_LoginFunctionality_StDf.user_is_on_the_login_library_page()&amp#27;[0m
  &amp#27;[32mWhen &amp#27;[0m&amp#27;[32muser login as &amp#27;[0m&amp#27;[32m&amp#27;[1m"Librarian2"&amp#27;[0m                      &amp#27;[90m# com.library2.step_definitions.US001_LoginFunctionality_StDf.user_Login_As(java.lang.String)&amp#27;[0m
actNavigationBarCredentials = Test Librarian 2
  &amp#27;[32mThen &amp#27;[0m&amp#27;[32muser should navigate to Dashboard page&amp#27;[0m          &amp#27;[90m# com.library2.step_definitions.US001_LoginFunctionality_StDf.user_should_navigate_to_dashboard_page()&amp#27;[0m
==> It is coming from @After in Hooks class
]]></system-out>
    <system-err><![CDATA[Starting ChromeDriver 103.0.5060.134 (8ec6fce403b3feb0869b0732eda8bd95011d333c-refs/branch-heads/5060@{#1262}) on port 16659
Only local connections are allowed.
Please see https://chromedriver.chromium.org/security-considerations for suggestions on keeping ChromeDriver safe.
ChromeDriver was started successfully.
Jul 31, 2022 11:59:16 PM org.openqa.selenium.remote.ProtocolHandshake createSession
INFO: Detected dialect: W3C
]]></system-err>
  </testcase>
  <testcase name="US001_T04_Login_with_parameters_as_Student" classname="US_001 Login Functionality" time="12.65">
    <system-out><![CDATA[
@wip @Login @smoke @regression @us001_t04
Scenario: US001_T04_Login_with_parameters_as_Student &amp#27;[90m# src/test/resources/features/US001_login_functionality.feature:48&amp#27;[0m
--> It is coming from @Before in Hooks class
  &amp#27;[32mGiven &amp#27;[0m&amp#27;[32muser is on the Login_Library page&amp#27;[0m            &amp#27;[90m# com.library2.step_definitions.US001_LoginFunctionality_StDf.user_is_on_the_login_library_page()&amp#27;[0m
  &amp#27;[32mWhen &amp#27;[0m&amp#27;[32muser login as &amp#27;[0m&amp#27;[32m&amp#27;[1m"Student2"&amp#27;[0m                      &amp#27;[90m# com.library2.step_definitions.US001_LoginFunctionality_StDf.user_Login_As(java.lang.String)&amp#27;[0m
actNavigationBarCredentials = Test Student 2
  &amp#27;[32mThen &amp#27;[0m&amp#27;[32muser should navigate to Books page&amp#27;[0m            &amp#27;[90m# com.library2.step_definitions.US001_LoginFunctionality_StDf.user_Should_Navigate_To_BooksPage()&amp#27;[0m
==> It is coming from @After in Hooks class
]]></system-out>
    <system-err><![CDATA[Starting ChromeDriver 103.0.5060.134 (8ec6fce403b3feb0869b0732eda8bd95011d333c-refs/branch-heads/5060@{#1262}) on port 13318
Only local connections are allowed.
Please see https://chromedriver.chromium.org/security-considerations for suggestions on keeping ChromeDriver safe.
ChromeDriver was started successfully.
Jul 31, 2022 11:59:29 PM org.openqa.selenium.remote.ProtocolHandshake createSession
INFO: Detected dialect: W3C
]]></system-err>
  </testcase>
  <testcase name="US001_T05_Login_with_corUsername_wrongPassword #1" classname="US_001 Login Functionality" time="11.148">
    <system-out><![CDATA[
@wip @Login @smoke @regression @us001_t05
Scenario Outline: US001_T05_Login_with_corUsername_wrongPassword    &amp#27;[90m# src/test/resources/features/US001_login_functionality.feature:60&amp#27;[0m
--> It is coming from @Before in Hooks class
  &amp#27;[32mGiven &amp#27;[0m&amp#27;[32muser is on the Login_Library page&amp#27;[0m                           &amp#27;[90m# com.library2.step_definitions.US001_LoginFunctionality_StDf.user_is_on_the_login_library_page()&amp#27;[0m
  &amp#27;[32mWhen &amp#27;[0m&amp#27;[32muser input cor_username with wrong_password for &amp#27;[0m&amp#27;[32m&amp#27;[1m"Librarian1"&amp#27;[0m &amp#27;[90m# com.library2.step_definitions.US001_LoginFunctionality_StDf.userInput_Cor_username_With_Wrong_passwordFor(java.lang.String)&amp#27;[0m
  &amp#27;[32mThen &amp#27;[0m&amp#27;[32muser should see message <Sorry, Wrong Email or Password>&amp#27;[0m     &amp#27;[90m# com.library2.step_definitions.US001_LoginFunctionality_StDf.user_Should_See_Message__SorryWrongEmailOrPassword()&amp#27;[0m
==> It is coming from @After in Hooks class
]]></system-out>
    <system-err><![CDATA[Starting ChromeDriver 103.0.5060.134 (8ec6fce403b3feb0869b0732eda8bd95011d333c-refs/branch-heads/5060@{#1262}) on port 30313
Only local connections are allowed.
Please see https://chromedriver.chromium.org/security-considerations for suggestions on keeping ChromeDriver safe.
ChromeDriver was started successfully.
Jul 31, 2022 11:59:43 PM org.openqa.selenium.remote.ProtocolHandshake createSession
INFO: Detected dialect: W3C
]]></system-err>
  </testcase>
  <testcase name="US001_T05_Login_with_corUsername_wrongPassword #2" classname="US_001 Login Functionality" time="11.471">
    <system-out><![CDATA[
@wip @Login @smoke @regression @us001_t05
Scenario Outline: US001_T05_Login_with_corUsername_wrongPassword    &amp#27;[90m# src/test/resources/features/US001_login_functionality.feature:61&amp#27;[0m
--> It is coming from @Before in Hooks class
  &amp#27;[32mGiven &amp#27;[0m&amp#27;[32muser is on the Login_Library page&amp#27;[0m                           &amp#27;[90m# com.library2.step_definitions.US001_LoginFunctionality_StDf.user_is_on_the_login_library_page()&amp#27;[0m
  &amp#27;[32mWhen &amp#27;[0m&amp#27;[32muser input cor_username with wrong_password for &amp#27;[0m&amp#27;[32m&amp#27;[1m"Librarian2"&amp#27;[0m &amp#27;[90m# com.library2.step_definitions.US001_LoginFunctionality_StDf.userInput_Cor_username_With_Wrong_passwordFor(java.lang.String)&amp#27;[0m
  &amp#27;[32mThen &amp#27;[0m&amp#27;[32muser should see message <Sorry, Wrong Email or Password>&amp#27;[0m     &amp#27;[90m# com.library2.step_definitions.US001_LoginFunctionality_StDf.user_Should_See_Message__SorryWrongEmailOrPassword()&amp#27;[0m
==> It is coming from @After in Hooks class
]]></system-out>
    <system-err><![CDATA[Starting ChromeDriver 103.0.5060.134 (8ec6fce403b3feb0869b0732eda8bd95011d333c-refs/branch-heads/5060@{#1262}) on port 16027
Only local connections are allowed.
Please see https://chromedriver.chromium.org/security-considerations for suggestions on keeping ChromeDriver safe.
ChromeDriver was started successfully.
Jul 31, 2022 11:59:55 PM org.openqa.selenium.remote.ProtocolHandshake createSession
INFO: Detected dialect: W3C
]]></system-err>
  </testcase>
  <testcase name="US001_T05_Login_with_corUsername_wrongPassword #3" classname="US_001 Login Functionality" time="12.681">
    <system-out><![CDATA[
@wip @Login @smoke @regression @us001_t05
Scenario Outline: US001_T05_Login_with_corUsername_wrongPassword  &amp#27;[90m# src/test/resources/features/US001_login_functionality.feature:62&amp#27;[0m
--> It is coming from @Before in Hooks class
  &amp#27;[32mGiven &amp#27;[0m&amp#27;[32muser is on the Login_Library page&amp#27;[0m                         &amp#27;[90m# com.library2.step_definitions.US001_LoginFunctionality_StDf.user_is_on_the_login_library_page()&amp#27;[0m
  &amp#27;[32mWhen &amp#27;[0m&amp#27;[32muser input cor_username with wrong_password for &amp#27;[0m&amp#27;[32m&amp#27;[1m"Student1"&amp#27;[0m &amp#27;[90m# com.library2.step_definitions.US001_LoginFunctionality_StDf.userInput_Cor_username_With_Wrong_passwordFor(java.lang.String)&amp#27;[0m
  &amp#27;[32mThen &amp#27;[0m&amp#27;[32muser should see message <Sorry, Wrong Email or Password>&amp#27;[0m   &amp#27;[90m# com.library2.step_definitions.US001_LoginFunctionality_StDf.user_Should_See_Message__SorryWrongEmailOrPassword()&amp#27;[0m
==> It is coming from @After in Hooks class
]]></system-out>
    <system-err><![CDATA[Starting ChromeDriver 103.0.5060.134 (8ec6fce403b3feb0869b0732eda8bd95011d333c-refs/branch-heads/5060@{#1262}) on port 23840
Only local connections are allowed.
Please see https://chromedriver.chromium.org/security-considerations for suggestions on keeping ChromeDriver safe.
ChromeDriver was started successfully.
Aug 01, 2022 12:00:05 AM org.openqa.selenium.remote.ProtocolHandshake createSession
INFO: Detected dialect: W3C
]]></system-err>
  </testcase>
  <testcase name="US001_T05_Login_with_corUsername_wrongPassword #4" classname="US_001 Login Functionality" time="17.375">
    <system-out><![CDATA[
@wip @Login @smoke @regression @us001_t05
Scenario Outline: US001_T05_Login_with_corUsername_wrongPassword  &amp#27;[90m# src/test/resources/features/US001_login_functionality.feature:63&amp#27;[0m
--> It is coming from @Before in Hooks class
  &amp#27;[32mGiven &amp#27;[0m&amp#27;[32muser is on the Login_Library page&amp#27;[0m                         &amp#27;[90m# com.library2.step_definitions.US001_LoginFunctionality_StDf.user_is_on_the_login_library_page()&amp#27;[0m
  &amp#27;[32mWhen &amp#27;[0m&amp#27;[32muser input cor_username with wrong_password for &amp#27;[0m&amp#27;[32m&amp#27;[1m"Student2"&amp#27;[0m &amp#27;[90m# com.library2.step_definitions.US001_LoginFunctionality_StDf.userInput_Cor_username_With_Wrong_passwordFor(java.lang.String)&amp#27;[0m
  &amp#27;[32mThen &amp#27;[0m&amp#27;[32muser should see message <Sorry, Wrong Email or Password>&amp#27;[0m   &amp#27;[90m# com.library2.step_definitions.US001_LoginFunctionality_StDf.user_Should_See_Message__SorryWrongEmailOrPassword()&amp#27;[0m
==> It is coming from @After in Hooks class
]]></system-out>
    <system-err><![CDATA[Starting ChromeDriver 103.0.5060.134 (8ec6fce403b3feb0869b0732eda8bd95011d333c-refs/branch-heads/5060@{#1262}) on port 18997
Only local connections are allowed.
Please see https://chromedriver.chromium.org/security-considerations for suggestions on keeping ChromeDriver safe.
ChromeDriver was started successfully.
Aug 01, 2022 12:00:20 AM org.openqa.selenium.remote.ProtocolHandshake createSession
INFO: Detected dialect: W3C
]]></system-err>
  </testcase>
  <testcase name="US001_T06_Login_with_wrongUsername_wrongPassword" classname="US_001 Login Functionality" time="23.511">
    <system-out><![CDATA[
@wip @Login @smoke @regression @us001_t06
Scenario: US001_T06_Login_with_wrongUsername_wrongPassword      &amp#27;[90m# src/test/resources/features/US001_login_functionality.feature:67&amp#27;[0m
--> It is coming from @Before in Hooks class
  &amp#27;[32mGiven &amp#27;[0m&amp#27;[32muser is on the Login_Library page&amp#27;[0m                       &amp#27;[90m# com.library2.step_definitions.US001_LoginFunctionality_StDf.user_is_on_the_login_library_page()&amp#27;[0m
  &amp#27;[32mWhen &amp#27;[0m&amp#27;[32muser input wrong_username with wrong_password&amp#27;[0m            &amp#27;[90m# com.library2.step_definitions.US001_LoginFunctionality_StDf.userInputWrong_usernameWithWrong_password()&amp#27;[0m
  &amp#27;[32mThen &amp#27;[0m&amp#27;[32muser should see message &amp#27;[0m&amp#27;[32m&amp#27;[1m"Sorry, Wrong Email or Password"&amp#27;[0m &amp#27;[90m# com.library2.step_definitions.US001_LoginFunctionality_StDf.userShouldSeeMessage(java.lang.String)&amp#27;[0m
==> It is coming from @After in Hooks class
]]></system-out>
    <system-err><![CDATA[Starting ChromeDriver 103.0.5060.134 (8ec6fce403b3feb0869b0732eda8bd95011d333c-refs/branch-heads/5060@{#1262}) on port 9156
Only local connections are allowed.
Please see https://chromedriver.chromium.org/security-considerations for suggestions on keeping ChromeDriver safe.
ChromeDriver was started successfully.
Aug 01, 2022 12:00:41 AM org.openqa.selenium.remote.ProtocolHandshake createSession
INFO: Detected dialect: W3C
]]></system-err>
  </testcase>
  <testcase name="US001_T07_Login_with_nullUsername_nullPassword" classname="US_001 Login Functionality" time="7.93">
    <system-out><![CDATA[
@wip @Login @smoke @regression @us001_t07
Scenario: US001_T07_Login_with_nullUsername_nullPassword         &amp#27;[90m# src/test/resources/features/US001_login_functionality.feature:74&amp#27;[0m
--> It is coming from @Before in Hooks class
  &amp#27;[32mGiven &amp#27;[0m&amp#27;[32muser is on the Login_Library page&amp#27;[0m                        &amp#27;[90m# com.library2.step_definitions.US001_LoginFunctionality_StDf.user_is_on_the_login_library_page()&amp#27;[0m
  &amp#27;[32mWhen &amp#27;[0m&amp#27;[32muser input NULL username with NULL password&amp#27;[0m               &amp#27;[90m# com.library2.step_definitions.US001_LoginFunctionality_StDf.userInputNULLUsernameWithNULLPassword()&amp#27;[0m
  &amp#27;[32mThen &amp#27;[0m&amp#27;[32muser should see warning message <This field is required.>&amp#27;[0m &amp#27;[90m# com.library2.step_definitions.US001_LoginFunctionality_StDf.user_Should_See_Warning_Message_ThisField_isRequired()&amp#27;[0m
==> It is coming from @After in Hooks class
]]></system-out>
    <system-err><![CDATA[Starting ChromeDriver 103.0.5060.134 (8ec6fce403b3feb0869b0732eda8bd95011d333c-refs/branch-heads/5060@{#1262}) on port 17044
Only local connections are allowed.
Please see https://chromedriver.chromium.org/security-considerations for suggestions on keeping ChromeDriver safe.
ChromeDriver was started successfully.
Aug 01, 2022 12:00:58 AM org.openqa.selenium.remote.ProtocolHandshake createSession
INFO: Detected dialect: W3C
]]></system-err>
  </testcase>
  <testcase name="US001_T08_Loged_with_parameters" classname="US_001 Login Functionality" time="11.635">
    <system-out><![CDATA[
@wip @Login @smoke @regression @us001_t08
Scenario: US001_T08_Loged_with_parameters                        &amp#27;[90m# src/test/resources/features/US001_login_functionality.feature:81&amp#27;[0m
--> It is coming from @Before in Hooks class
  &amp#27;[32mGiven &amp#27;[0m&amp#27;[32muser is on the Login_Library page&amp#27;[0m                        &amp#27;[90m# com.library2.step_definitions.US001_LoginFunctionality_StDf.user_is_on_the_login_library_page()&amp#27;[0m
  &amp#27;[32mWhen &amp#27;[0m&amp#27;[32muser input NULL username with NULL password&amp#27;[0m               &amp#27;[90m# com.library2.step_definitions.US001_LoginFunctionality_StDf.userInputNULLUsernameWithNULLPassword()&amp#27;[0m
  &amp#27;[32mThen &amp#27;[0m&amp#27;[32muser should see warning message <This field is required.>&amp#27;[0m &amp#27;[90m# com.library2.step_definitions.US001_LoginFunctionality_StDf.user_Should_See_Warning_Message_ThisField_isRequired()&amp#27;[0m
==> It is coming from @After in Hooks class
]]></system-out>
    <system-err><![CDATA[Starting ChromeDriver 103.0.5060.134 (8ec6fce403b3feb0869b0732eda8bd95011d333c-refs/branch-heads/5060@{#1262}) on port 2216
Only local connections are allowed.
Please see https://chromedriver.chromium.org/security-considerations for suggestions on keeping ChromeDriver safe.
ChromeDriver was started successfully.
Aug 01, 2022 12:01:06 AM org.openqa.selenium.remote.ProtocolHandshake createSession
INFO: Detected dialect: W3C
]]></system-err>
  </testcase>
</testsuite>